2020-03-29 01:58:43,724 DEBUG [main] RequestAddCookies:123 - CookieSpec selected: standard
2020-03-29 01:58:43,748 DEBUG [main] RequestAuthCache:77 - Auth cache not set in the context
2020-03-29 01:58:43,751 DEBUG [main] PoolingHttpClientConnectionManager:265 - Connection request: [route: {s}->https://raw.githubusercontent.com:443][total kept alive: 0; route allocated: 0 of 2; total allocated: 0 of 20]
2020-03-29 01:58:43,777 DEBUG [main] PoolingHttpClientConnectionManager:309 - Connection leased: [id: 0][route: {s}->https://raw.githubusercontent.com:443][total kept alive: 0; route allocated: 1 of 2; total allocated: 1 of 20]
2020-03-29 01:58:43,781 DEBUG [main] MainClientExec:235 - Opening connection {s}->https://raw.githubusercontent.com:443
2020-03-29 01:58:43,814 DEBUG [main] DefaultHttpClientConnectionOperator:139 - Connecting to raw.githubusercontent.com/151.101.152.133:443
2020-03-29 01:58:43,814 DEBUG [main] SSLConnectionSocketFactory:337 - Connecting socket to raw.githubusercontent.com/151.101.152.133:443 with timeout 0
2020-03-29 01:58:44,142 DEBUG [main] SSLConnectionSocketFactory:390 - Enabled protocols: [TLSv1, TLSv1.1, TLSv1.2]
2020-03-29 01:58:44,143 DEBUG [main] SSLConnectionSocketFactory:391 - Enabled cipher suites:[TLS_ECDHE_ECDSA_WITH_AES_256_CBC_SHA384, TLS_ECDHE_RSA_WITH_AES_256_CBC_SHA384, TLS_RSA_WITH_AES_256_CBC_SHA256, TLS_ECDH_ECDSA_WITH_AES_256_CBC_SHA384, TLS_ECDH_RSA_WITH_AES_256_CBC_SHA384, TLS_DHE_RSA_WITH_AES_256_CBC_SHA256, TLS_DHE_DSS_WITH_AES_256_CBC_SHA256, TLS_ECDHE_ECDSA_WITH_AES_256_CBC_SHA, TLS_ECDHE_RSA_WITH_AES_256_CBC_SHA, TLS_RSA_WITH_AES_256_CBC_SHA, TLS_ECDH_ECDSA_WITH_AES_256_CBC_SHA, TLS_ECDH_RSA_WITH_AES_256_CBC_SHA, TLS_DHE_RSA_WITH_AES_256_CBC_SHA, TLS_DHE_DSS_WITH_AES_256_CBC_SHA, TLS_ECDHE_ECDSA_WITH_AES_128_CBC_SHA256, TLS_ECDHE_RSA_WITH_AES_128_CBC_SHA256, TLS_RSA_WITH_AES_128_CBC_SHA256, TLS_ECDH_ECDSA_WITH_AES_128_CBC_SHA256, TLS_ECDH_RSA_WITH_AES_128_CBC_SHA256, TLS_DHE_RSA_WITH_AES_128_CBC_SHA256, TLS_DHE_DSS_WITH_AES_128_CBC_SHA256, TLS_ECDHE_ECDSA_WITH_AES_128_CBC_SHA, TLS_ECDHE_RSA_WITH_AES_128_CBC_SHA, TLS_RSA_WITH_AES_128_CBC_SHA, TLS_ECDH_ECDSA_WITH_AES_128_CBC_SHA, TLS_ECDH_RSA_WITH_AES_128_CBC_SHA, TLS_DHE_RSA_WITH_AES_128_CBC_SHA, TLS_DHE_DSS_WITH_AES_128_CBC_SHA, TLS_ECDHE_ECDSA_WITH_AES_256_GCM_SHA384, TLS_ECDHE_ECDSA_WITH_AES_128_GCM_SHA256, TLS_ECDHE_RSA_WITH_AES_256_GCM_SHA384, TLS_RSA_WITH_AES_256_GCM_SHA384, TLS_ECDH_ECDSA_WITH_AES_256_GCM_SHA384, TLS_ECDH_RSA_WITH_AES_256_GCM_SHA384, TLS_DHE_RSA_WITH_AES_256_GCM_SHA384, TLS_DHE_DSS_WITH_AES_256_GCM_SHA384, TLS_ECDHE_RSA_WITH_AES_128_GCM_SHA256, TLS_RSA_WITH_AES_128_GCM_SHA256, TLS_ECDH_ECDSA_WITH_AES_128_GCM_SHA256, TLS_ECDH_RSA_WITH_AES_128_GCM_SHA256, TLS_DHE_RSA_WITH_AES_128_GCM_SHA256, TLS_DHE_DSS_WITH_AES_128_GCM_SHA256, TLS_EMPTY_RENEGOTIATION_INFO_SCSV]
2020-03-29 01:58:44,143 DEBUG [main] SSLConnectionSocketFactory:395 - Starting handshake
2020-03-29 01:58:44,232 DEBUG [main] SSLConnectionSocketFactory:425 - Secure session established
2020-03-29 01:58:44,233 DEBUG [main] SSLConnectionSocketFactory:426 -  negotiated protocol: TLSv1.2
2020-03-29 01:58:44,233 DEBUG [main] SSLConnectionSocketFactory:427 -  negotiated cipher suite: TLS_ECDHE_RSA_WITH_AES_128_GCM_SHA256
2020-03-29 01:58:44,234 DEBUG [main] SSLConnectionSocketFactory:435 -  peer principal: CN=www.github.com, O="GitHub, Inc.", L=San Francisco, ST=California, C=US
2020-03-29 01:58:44,234 DEBUG [main] SSLConnectionSocketFactory:444 -  peer alternative names: [www.github.com, *.github.com, github.com, *.github.io, github.io, *.githubusercontent.com, githubusercontent.com]
2020-03-29 01:58:44,234 DEBUG [main] SSLConnectionSocketFactory:448 -  issuer principal: CN=DigiCert SHA2 High Assurance Server CA, OU=www.digicert.com, O=DigiCert Inc, C=US
2020-03-29 01:58:44,238 DEBUG [main] DefaultHttpClientConnectionOperator:146 - Connection established 192.168.1.115:10094<->151.101.152.133:443
2020-03-29 01:58:44,238 DEBUG [main] DefaultManagedHttpClientConnection:88 - http-outgoing-0: set socket timeout to 30000
2020-03-29 01:58:44,239 DEBUG [main] MainClientExec:256 - Executing request GET /bonigarcia/webdrivermanager/master/src/main/resources/versions.properties HTTP/1.1
2020-03-29 01:58:44,239 DEBUG [main] MainClientExec:261 - Target auth state: UNCHALLENGED
2020-03-29 01:58:44,240 DEBUG [main] MainClientExec:267 - Proxy auth state: UNCHALLENGED
2020-03-29 01:58:44,243 DEBUG [main] headers:133 - http-outgoing-0 >> GET /bonigarcia/webdrivermanager/master/src/main/resources/versions.properties HTTP/1.1
2020-03-29 01:58:44,243 DEBUG [main] headers:136 - http-outgoing-0 >> User-Agent: Apache-HttpClient/4.5.6
2020-03-29 01:58:44,243 DEBUG [main] headers:136 - http-outgoing-0 >> Connection: keep-alive
2020-03-29 01:58:44,244 DEBUG [main] headers:136 - http-outgoing-0 >> Host: raw.githubusercontent.com
2020-03-29 01:58:44,244 DEBUG [main] headers:136 - http-outgoing-0 >> Accept-Encoding: gzip,deflate
2020-03-29 01:58:44,245 DEBUG [main] wire:73 - http-outgoing-0 >> "GET /bonigarcia/webdrivermanager/master/src/main/resources/versions.properties HTTP/1.1[\r][\n]"
2020-03-29 01:58:44,245 DEBUG [main] wire:73 - http-outgoing-0 >> "User-Agent: Apache-HttpClient/4.5.6[\r][\n]"
2020-03-29 01:58:44,245 DEBUG [main] wire:73 - http-outgoing-0 >> "Connection: keep-alive[\r][\n]"
2020-03-29 01:58:44,246 DEBUG [main] wire:73 - http-outgoing-0 >> "Host: raw.githubusercontent.com[\r][\n]"
2020-03-29 01:58:44,246 DEBUG [main] wire:73 - http-outgoing-0 >> "Accept-Encoding: gzip,deflate[\r][\n]"
2020-03-29 01:58:44,246 DEBUG [main] wire:73 - http-outgoing-0 >> "[\r][\n]"
2020-03-29 01:58:44,450 DEBUG [main] wire:73 - http-outgoing-0 << "HTTP/1.1 200 OK[\r][\n]"
2020-03-29 01:58:44,452 DEBUG [main] wire:73 - http-outgoing-0 << "Connection: keep-alive[\r][\n]"
2020-03-29 01:58:44,453 DEBUG [main] wire:73 - http-outgoing-0 << "Content-Length: 750[\r][\n]"
2020-03-29 01:58:44,454 DEBUG [main] wire:73 - http-outgoing-0 << "Content-Type: text/plain; charset=utf-8[\r][\n]"
2020-03-29 01:58:44,454 DEBUG [main] wire:73 - http-outgoing-0 << "Content-Security-Policy: default-src 'none'; style-src 'unsafe-inline'; sandbox[\r][\n]"
2020-03-29 01:58:44,455 DEBUG [main] wire:73 - http-outgoing-0 << "Strict-Transport-Security: max-age=31536000[\r][\n]"
2020-03-29 01:58:44,456 DEBUG [main] wire:73 - http-outgoing-0 << "X-Content-Type-Options: nosniff[\r][\n]"
2020-03-29 01:58:44,457 DEBUG [main] wire:73 - http-outgoing-0 << "X-Frame-Options: deny[\r][\n]"
2020-03-29 01:58:44,458 DEBUG [main] wire:73 - http-outgoing-0 << "X-XSS-Protection: 1; mode=block[\r][\n]"
2020-03-29 01:58:44,459 DEBUG [main] wire:73 - http-outgoing-0 << "ETag: W/"57fbfb31ae08776db62e676dd65b33d9f6bff06ec25d8e87b53429030acd212f"[\r][\n]"
2020-03-29 01:58:44,460 DEBUG [main] wire:73 - http-outgoing-0 << "Cache-Control: max-age=300[\r][\n]"
2020-03-29 01:58:44,460 DEBUG [main] wire:73 - http-outgoing-0 << "X-Geo-Block-List: [\r][\n]"
2020-03-29 01:58:44,460 DEBUG [main] wire:73 - http-outgoing-0 << "Via: 1.1 varnish (Varnish/6.0)[\r][\n]"
2020-03-29 01:58:44,462 DEBUG [main] wire:73 - http-outgoing-0 << "Content-Encoding: gzip[\r][\n]"
2020-03-29 01:58:44,462 DEBUG [main] wire:73 - http-outgoing-0 << "X-GitHub-Request-Id: 3936:5798:FBC9D:109F0B:5E7F5AE2[\r][\n]"
2020-03-29 01:58:44,463 DEBUG [main] wire:73 - http-outgoing-0 << "Accept-Ranges: bytes[\r][\n]"
2020-03-29 01:58:44,464 DEBUG [main] wire:73 - http-outgoing-0 << "Date: Sat, 28 Mar 2020 20:28:44 GMT[\r][\n]"
2020-03-29 01:58:44,466 DEBUG [main] wire:73 - http-outgoing-0 << "Via: 1.1 varnish[\r][\n]"
2020-03-29 01:58:44,466 DEBUG [main] wire:73 - http-outgoing-0 << "X-Served-By: cache-bom18221-BOM[\r][\n]"
2020-03-29 01:58:44,468 DEBUG [main] wire:73 - http-outgoing-0 << "X-Cache: HIT, HIT[\r][\n]"
2020-03-29 01:58:44,469 DEBUG [main] wire:73 - http-outgoing-0 << "X-Cache-Hits: 14, 1[\r][\n]"
2020-03-29 01:58:44,470 DEBUG [main] wire:73 - http-outgoing-0 << "X-Timer: S1585427324.991106,VS0,VE186[\r][\n]"
2020-03-29 01:58:44,471 DEBUG [main] wire:73 - http-outgoing-0 << "Vary: Authorization,Accept-Encoding[\r][\n]"
2020-03-29 01:58:44,472 DEBUG [main] wire:73 - http-outgoing-0 << "Access-Control-Allow-Origin: *[\r][\n]"
2020-03-29 01:58:44,473 DEBUG [main] wire:73 - http-outgoing-0 << "X-Fastly-Request-ID: 198d4123db9c7b44f3e88eb71968c674eccb405f[\r][\n]"
2020-03-29 01:58:44,474 DEBUG [main] wire:73 - http-outgoing-0 << "Expires: Sat, 28 Mar 2020 20:33:44 GMT[\r][\n]"
2020-03-29 01:58:44,475 DEBUG [main] wire:73 - http-outgoing-0 << "Source-Age: 53[\r][\n]"
2020-03-29 01:58:44,477 DEBUG [main] wire:73 - http-outgoing-0 << "[\r][\n]"
2020-03-29 01:58:44,490 DEBUG [main] headers:122 - http-outgoing-0 << HTTP/1.1 200 OK
2020-03-29 01:58:44,492 DEBUG [main] headers:125 - http-outgoing-0 << Connection: keep-alive
2020-03-29 01:58:44,492 DEBUG [main] headers:125 - http-outgoing-0 << Content-Length: 750
2020-03-29 01:58:44,494 DEBUG [main] headers:125 - http-outgoing-0 << Content-Type: text/plain; charset=utf-8
2020-03-29 01:58:44,495 DEBUG [main] headers:125 - http-outgoing-0 << Content-Security-Policy: default-src 'none'; style-src 'unsafe-inline'; sandbox
2020-03-29 01:58:44,496 DEBUG [main] headers:125 - http-outgoing-0 << Strict-Transport-Security: max-age=31536000
2020-03-29 01:58:44,497 DEBUG [main] headers:125 - http-outgoing-0 << X-Content-Type-Options: nosniff
2020-03-29 01:58:44,498 DEBUG [main] headers:125 - http-outgoing-0 << X-Frame-Options: deny
2020-03-29 01:58:44,500 DEBUG [main] headers:125 - http-outgoing-0 << X-XSS-Protection: 1; mode=block
2020-03-29 01:58:44,501 DEBUG [main] headers:125 - http-outgoing-0 << ETag: W/"57fbfb31ae08776db62e676dd65b33d9f6bff06ec25d8e87b53429030acd212f"
2020-03-29 01:58:44,502 DEBUG [main] headers:125 - http-outgoing-0 << Cache-Control: max-age=300
2020-03-29 01:58:44,503 DEBUG [main] headers:125 - http-outgoing-0 << X-Geo-Block-List: 
2020-03-29 01:58:44,504 DEBUG [main] headers:125 - http-outgoing-0 << Via: 1.1 varnish (Varnish/6.0)
2020-03-29 01:58:44,506 DEBUG [main] headers:125 - http-outgoing-0 << Content-Encoding: gzip
2020-03-29 01:58:44,506 DEBUG [main] headers:125 - http-outgoing-0 << X-GitHub-Request-Id: 3936:5798:FBC9D:109F0B:5E7F5AE2
2020-03-29 01:58:44,507 DEBUG [main] headers:125 - http-outgoing-0 << Accept-Ranges: bytes
2020-03-29 01:58:44,507 DEBUG [main] headers:125 - http-outgoing-0 << Date: Sat, 28 Mar 2020 20:28:44 GMT
2020-03-29 01:58:44,508 DEBUG [main] headers:125 - http-outgoing-0 << Via: 1.1 varnish
2020-03-29 01:58:44,509 DEBUG [main] headers:125 - http-outgoing-0 << X-Served-By: cache-bom18221-BOM
2020-03-29 01:58:44,510 DEBUG [main] headers:125 - http-outgoing-0 << X-Cache: HIT, HIT
2020-03-29 01:58:44,511 DEBUG [main] headers:125 - http-outgoing-0 << X-Cache-Hits: 14, 1
2020-03-29 01:58:44,513 DEBUG [main] headers:125 - http-outgoing-0 << X-Timer: S1585427324.991106,VS0,VE186
2020-03-29 01:58:44,514 DEBUG [main] headers:125 - http-outgoing-0 << Vary: Authorization,Accept-Encoding
2020-03-29 01:58:44,515 DEBUG [main] headers:125 - http-outgoing-0 << Access-Control-Allow-Origin: *
2020-03-29 01:58:44,516 DEBUG [main] headers:125 - http-outgoing-0 << X-Fastly-Request-ID: 198d4123db9c7b44f3e88eb71968c674eccb405f
2020-03-29 01:58:44,517 DEBUG [main] headers:125 - http-outgoing-0 << Expires: Sat, 28 Mar 2020 20:33:44 GMT
2020-03-29 01:58:44,518 DEBUG [main] headers:125 - http-outgoing-0 << Source-Age: 53
2020-03-29 01:58:44,538 DEBUG [main] MainClientExec:285 - Connection can be kept alive indefinitely
2020-03-29 01:58:44,563 DEBUG [main] wire:73 - http-outgoing-0 << "[0x1f][0x8b][0x8][0x0][0x0][0x0][0x0][0x0][0x0][0x3][0x8d][0x95][0xcb]n[0xdb]0[0x10]E[0xf7][0xfe][\n]"
2020-03-29 01:58:44,566 DEBUG [main] wire:73 - http-outgoing-0 << "[0x2][0xd9][0xb4][0x8b]P[0xe2]C[0xa4]d[0x80][0x9b]>WA[0x17][0xed][0xf][0xc8]6m[0xb][0x91]M[0x83][0x92][0xe3][0xb6]_[0xdf][0x19][0xbe][0xa2][0x18]-[0xd0][0xe5]=[0x1e][0xe]/8[0xba][0xe3][0x7][0xf2][0xe3]8Ld?[0x8c][0x96]l[0xdd]y[0xee][0x87][0xf3]D[0xe6][0xa3]%[0xcf]gw;[0x93][0x17][0xeb][0xa7][0xc1][0x1][0xda];Ov~@M[0xde]m[0x86]s[0xef][0xbd][0x87][0x3][0xa7]K?[0xf][0x1b]8{[0x1b][0xe6]c8[0xb7]u[0xde][0xdb][0xe9][0xe2][0xce][0xbb][0xe1]| [0x1b][0xef]n[0x93][0xf5][0xb9][0xcf]j[0xf5]@>D[0xb4]&_[0x9d];[0xc0][0xc9][0x8f]G[0xef]N[0x96]<[0x92]O[0xa1][0xfd][0x9a]l[0x3][0x88][0x97]A[0xfd]ww[0xf5][[0xbb]&[0xc7]y[0xbe][0xac][0xab]j[0xf9]+[\r]b[0xb8][0x9e][0xa8][0xf3][0x87]j[0x7][0x86]G[0xd7][0xef][0xa6]U[0xac]i[0x99]i[0x19][0xad][0xa9][0xac][0xa5][0xa4][0xaa][0xcb][0xb4]6m[\r]Tt[0xad][0xa6][0xac]V[0x9][0xeb][0xce][0xe8].`[0xd9]PQhkt[0x1b]h-[0xa1][0xb8][0xc9][0xc5][0xda]h[0x8d][0xb8]U[\r][0xb4][0xcf]T[0x19][0xad][0x2][0xad];[0xca]x[0xe9][0xd1][0x18][0xdd] [0xd6][0xba][0xa6][0xec][0xb5]Z[0x1a]-[0x3][0xe6][0x1d]-[0xb5][0xc2]h[0x81]P[0xb5][0x82][0xaa]67[0xe6][0x86]SYj[0xd8][0x1b]U[0xa3][0xca][0xc6]T[0x87]J[0xa6]s[0xaa]E[0xc5][0xb3][0xd2][0xa8]XV[\n]"
2020-03-29 01:58:44,568 DEBUG [main] wire:73 - http-outgoing-0 << "U[0xb6][0xae][0x1a]P"[0xdf][0xa7]$*[0x9d]+[0x5][0xaa]|[0xbb]B/[0xa2][0xdc][0x87]^D[0xb9][0xf][0xbd][0x8][0xf1]f[0xc8]O[0xee][0xf7]0[0x8e]=[0xf9]2x[0xbb]w?[0x17]c>[0xd8][0xed][0xb3][0xfb][0xeb][0x94]'[0x18][0xf3][0x1][0xbe][0xa7][0xeb][0x86][0xc2][0x17]V[0x9d]b[0x8b]jq[0xa0][0xf2]v[0xb4][0xfd]d[0xa7][0xd5]>[0xf6][0xd5][0xc2][0xd4][0x94][0xc3][0xeb][0x17][0xc0][0xef][0x1][0xbb][0x7][0xf5][0x1d][0x80][0xc7]{[0xdb][0x3][0xde][0xf][0x0][0xcc].7U[0x1a][0x1]L[0xad][0x0]u[0xf][0x9a]{ [0x11][0xc0]L[0xcb][0x91][0xe0]t[0x9][0x82]S[0xbe][0xa8][0x8]N[0xe1][0xcb]-G[0x82][0xd3][0x5]h[0x82][0xd3]%[0x8]N[0x97] 8][0x82][0xe0][0x14]>[0xfc][0xdc][0xb4][0x9]N[0x11],3[0xf9][0xed]b}[0xbf][0x18][0x92]C[0xfd]?C[\n]"
2020-03-29 01:58:44,570 DEBUG [main] wire:73 - http-outgoing-0 << "[0x85][0x93][0xdb][0xcf][0xb7][0xde][0xdb]*[0xa8][0x1c][0xce]x[0xfc]ud[0xe1]Gx[0xca]e[0xc][0xeb]U[0xa4][0x10][0xa1][0x92]B[0xdd]%[0x8][0x1]*!lu[0x82][0x10][0x9f][0x12]A[0xc6][0xf3]y[0xc8][0xcf]k[0x4][0x5]O[0xb5]|[0x99][0xc0]:[0xd7][0xa6][0xe4][0x84][0x8b][0xe1]EC[0x8c][0xa2]H[0xb9][0x89]"[0xc5]&[0x8a][0x94][0x9a](Rh[0xa2]H[0x99][0x89]"E&[0x8a][0x94][0x98](B`D[0xba]'[0xe5]%[0xfc]"[0xd1]Av,[0xd1][0x81]HF%:[0xe0][0xe9]1$:[0x0][0xb1][0x1c][0xda][0xd3][0xb0][0xf5][0xe][0xdf][0x9e]|[0xde][0x1d][0x96][0x9b][0xf4]4Y[0x0][0xff][0x1c][0xdf][0xce][0xbe][0xd8][0x11]/[0xa7][0xa7][0xdc]![0x4][0xce][0x9e][0x1f][0xaf]SU[0xd8]#6[0xa9]f[0xe7][0xc6][0xa9][0xba][0xd9]M[0x1a][0xe7][\n]"
2020-03-29 01:58:44,571 DEBUG [main] wire:87 - http-outgoing-0 << "iY[0xb1]L[0xe1][0x1a][0x8]([0xef]W[0xc5]p[0xe9]"*[0xbb][0x95][0xe1]g[0x1f]H[0xda][0xab][0x1c]g[0x18]IZ[0xa9]\[0x14][0x92][0xd6])[0x83]U[0x98]j[0xd2]&e[0xa2][0x83]/7[0x1c][0x93][0xd2]\[0xbc]}[0x84]?[0xad][0xb9][0x1f]G[0xbb][0x8b][0x90][0x1b]E[0x99]f[0xc9][0x91]d[0xa6][0xa1]L[0xf1].[0xba][0x91][0xb5][0x81]][0xde][0xd4]J[0x84]b[0xd1][0x1a][0x1]kYtQr[0x1c]*l[0xfa]V[0x85]_ym[0x18]H[0xe][0x9b][0xf2][0xf][0xca][0xd4][0x8f][0x1e]*[0x7][0x0][0x0]"
2020-03-29 01:58:44,579 DEBUG [main] PoolingHttpClientConnectionManager:341 - Connection [id: 0][route: {s}->https://raw.githubusercontent.com:443] can be kept alive indefinitely
2020-03-29 01:58:44,580 DEBUG [main] DefaultManagedHttpClientConnection:88 - http-outgoing-0: set socket timeout to 0
2020-03-29 01:58:44,581 DEBUG [main] PoolingHttpClientConnectionManager:348 - Connection released: [id: 0][route: {s}->https://raw.githubusercontent.com:443][total kept alive: 1; route allocated: 1 of 2; total allocated: 1 of 20]
2020-03-29 01:58:59,364  INFO [main] SmokeTestCases:18 - Opening chrome browser
2020-03-29 01:59:05,202  INFO [main] SmokeTestCases:21 - Opening amazon.in URL
2020-03-29 01:59:40,318 DEBUG [Finalizer] PoolingHttpClientConnectionManager:408 - Connection manager is shutting down
2020-03-29 01:59:40,319 DEBUG [Finalizer] DefaultManagedHttpClientConnection:79 - http-outgoing-0: Close connection
2020-03-29 01:59:40,327 DEBUG [Finalizer] PoolingHttpClientConnectionManager:414 - Connection manager shut down
